<?xml version="1.0" encoding="UTF-8"?>
<testsuites name="New Test Suite" time="114.368" tests="2" failures="0" errors="0">
   <testsuite name="New Test Suite" tests="2" failures="0" errors="0" time="114.368" skipped="0" timestamp="2024-02-07 23:35:26" hostname="Admin - DESKTOP-QJ4UHOV" id="Test Suites/New Test Suite">
      <properties>
         <property name="deviceName" value=""/>
         <property name="devicePlatform" value=""/>
         <property name="logFolder" value="C:\\Users\\Admin\\Katalon Studio\\My First Web UI Project\\Reports\\20240207_233518\\New Test Suite\\20240207_233518"/>
         <property name="logFiles" value="C:\\Users\\Admin\\Katalon Studio\\My First Web UI Project\\Reports\\20240207_233518\\New Test Suite\\20240207_233518\\execution0.log"/>
         <property name="attachments" value="C:\\Users\\Admin\\Katalon Studio\\My First Web UI Project\\Reports\\20240207_233518\\New Test Suite\\20240207_233518\\1707329147855.png"/>
         <property name="hostName" value="Admin - DESKTOP-QJ4UHOV"/>
         <property name="os" value="Windows 10 64bit"/>
         <property name="katalonVersion" value="8.6.8.208"/>
         <property name="browser" value="Chrome 121.0.0.0"/>
         <property name="hostAddress" value="192.168.43.94"/>
         <property name="sessionId" value="e5742be12ec80299413004030d268b58"/>
         <property name="seleniumVersion" value="3.141.59"/>
         <property name="proxyInformation" value="ProxyInformation { proxyOption=NO_PROXY, proxyServerType=HTTP, username=, password=********, proxyServerAddress=, proxyServerPort=0, executionList=&quot;&quot;, isApplyToDesiredCapabilities=true }"/>
         <property name="platform" value="Windows 10"/>
      </properties>
      <testcase name="Test Cases/login" time="16.626" classname="Test Cases/login" status="PASSED">
         <system-out><![CDATA[2024-02-07 23:35:48 - [TEST_CASE][PASSED] - Test Cases/login: Test Cases/login

2024-02-07 23:35:48 - [TEST_STEP][PASSED] - openBrowser(""): Browser is opened with url: ''

2024-02-07 23:35:48 - [MESSAGE][WARNING] - A browser is already opened. Closing browser and opening a new one

2024-02-07 23:35:49 - [MESSAGE][INFO] - Starting 'Chrome' driver

2024-02-07 23:35:49 - [MESSAGE][INFO] - User set preference: ['args', '[user-data-dir=C:\Users\Admin\AppData\Local\Google\Chrome\User Data\Profile 10, profile-directory=Profile 10]']

2024-02-07 23:35:49 - [MESSAGE][INFO] - Action delay is set to 0 milliseconds

2024-02-07 23:35:50 - [MESSAGE][PASSED] - Browser is opened with url: ''

2024-02-07 23:35:50 - [TEST_STEP][PASSED] - navigateToUrl("https://www.amazon.com/"): Navigate to 'https://www.amazon.com/' successfully

2024-02-07 23:35:52 - [MESSAGE][PASSED] - Navigate to 'https://www.amazon.com/' successfully

2024-02-07 23:35:52 - [TEST_STEP][PASSED] - click(findTestObject("Page_Amazon.com. Spend less. Smile more/span_Sign in")): Object: 'Object Repository/Page_Amazon.com. Spend less. Smile more/span_Sign in' is clicked on

2024-02-07 23:35:55 - [MESSAGE][PASSED] - Object: 'Object Repository/Page_Amazon.com. Spend less. Smile more/span_Sign in' is clicked on

2024-02-07 23:35:55 - [TEST_STEP][PASSED] - setText(findTestObject("Page_Amazon Sign-In/input_Email or mobile phone number_email"), "9500570674"): Text '9500570674' is set on object 'Object Repository/Page_Amazon Sign-In/input_Email or mobile phone number_email'

2024-02-07 23:36:00 - [MESSAGE][PASSED] - Text '9500570674' is set on object 'Object Repository/Page_Amazon Sign-In/input_Email or mobile phone number_email'

2024-02-07 23:36:00 - [TEST_STEP][PASSED] - click(findTestObject("Page_Amazon Sign-In/input_Enter your email or mobile phone number_continue")): Object: 'Object Repository/Page_Amazon Sign-In/input_Enter your email or mobile phone number_continue' is clicked on

2024-02-07 23:36:02 - [MESSAGE][PASSED] - Object: 'Object Repository/Page_Amazon Sign-In/input_Enter your email or mobile phone number_continue' is clicked on

2024-02-07 23:36:02 - [TEST_STEP][PASSED] - setEncryptedText(findTestObject("Page_Amazon Sign-In/input_Forgot your password_password"), "MjXmt/ZdOsUxI2HQzRYs1A=="): Text ****** has been set on object 'Object Repository/Page_Amazon Sign-In/input_Forgot your password_password'

2024-02-07 23:36:03 - [MESSAGE][PASSED] - Text ****** has been set on object 'Object Repository/Page_Amazon Sign-In/input_Forgot your password_password'

2024-02-07 23:36:03 - [TEST_STEP][PASSED] - click(findTestObject("Page_Amazon Sign-In/input_Enter your password_signInSubmit")): Object: 'Object Repository/Page_Amazon Sign-In/input_Enter your password_signInSubmit' is clicked on

2024-02-07 23:36:03 - [MESSAGE][PASSED] - Object: 'Object Repository/Page_Amazon Sign-In/input_Enter your password_signInSubmit' is clicked on

2024-02-07 23:36:03 - [TEST_STEP][PASSED] - closeBrowser(): Browser is closed

2024-02-07 23:36:04 - [MESSAGE][PASSED] - Browser is closed]]></system-out>
         <system-err><![CDATA[]]></system-err>
      </testcase>
      <testcase name="Test Cases/New Test Case" time="75.864" classname="Test Cases/New Test Case" status="PASSED">
         <system-out><![CDATA[2024-02-07 23:36:04 - [TEST_CASE][PASSED] - Test Cases/New Test Case: Test Cases/New Test Case

2024-02-07 23:36:05 - [TEST_STEP][PASSED] - openBrowser(""): Browser is opened with url: ''

2024-02-07 23:36:05 - [MESSAGE][INFO] - Starting 'Chrome' driver

2024-02-07 23:36:05 - [MESSAGE][INFO] - User set preference: ['args', '[user-data-dir=C:\Users\Admin\AppData\Local\Google\Chrome\User Data\Profile 10, profile-directory=Profile 10]']

2024-02-07 23:36:05 - [MESSAGE][INFO] - Action delay is set to 0 milliseconds

2024-02-07 23:36:06 - [MESSAGE][PASSED] - Browser is opened with url: ''

2024-02-07 23:36:06 - [TEST_STEP][PASSED] - navigateToUrl("https://www.amazon.com/"): Navigate to 'https://www.amazon.com/' successfully

2024-02-07 23:36:08 - [MESSAGE][PASSED] - Navigate to 'https://www.amazon.com/' successfully

2024-02-07 23:36:08 - [TEST_STEP][PASSED] - selectOptionByLabel(findTestObject("Page_Amazon.com. Spend less. Smile more/Page_Amazon.com. Spend less. Smile more/select_All Departments"), Books, false): All options with label 'Books' are selected in object 'Object Repository/Page_Amazon.com. Spend less. Smile more/Page_Amazon.com. Spend less. Smile more/select_All Departments' 

2024-02-07 23:36:10 - [MESSAGE][PASSED] - All options with label 'Books' are selected in object 'Object Repository/Page_Amazon.com. Spend less. Smile more/Page_Amazon.com. Spend less. Smile more/select_All Departments' 

2024-02-07 23:36:10 - [TEST_STEP][PASSED] - click(findTestObject("Page_Amazon.com. Spend less. Smile more/input_Search Amazon_field-keywords")): Object: 'Object Repository/Page_Amazon.com. Spend less. Smile more/input_Search Amazon_field-keywords' is clicked on

2024-02-07 23:36:15 - [MESSAGE][PASSED] - Object: 'Object Repository/Page_Amazon.com. Spend less. Smile more/input_Search Amazon_field-keywords' is clicked on

2024-02-07 23:36:15 - [TEST_STEP][PASSED] - setText(findTestObject("Page_Amazon.com. Spend less. Smile more/input_Search Amazon_field-keywords"), "Da vin ci code"): Text 'Da vin ci code' is set on object 'Object Repository/Page_Amazon.com. Spend less. Smile more/input_Search Amazon_field-keywords'

2024-02-07 23:36:16 - [MESSAGE][PASSED] - Text 'Da vin ci code' is set on object 'Object Repository/Page_Amazon.com. Spend less. Smile more/input_Search Amazon_field-keywords'

2024-02-07 23:36:16 - [TEST_STEP][PASSED] - click(findTestObject("Page_Amazon.com. Spend less. Smile more/input_Search Amazon_nav-search-submit-button")): Object: 'Object Repository/Page_Amazon.com. Spend less. Smile more/input_Search Amazon_nav-search-submit-button' is clicked on

2024-02-07 23:36:22 - [MESSAGE][PASSED] - Object: 'Object Repository/Page_Amazon.com. Spend less. Smile more/input_Search Amazon_nav-search-submit-button' is clicked on

2024-02-07 23:36:22 - [TEST_STEP][PASSED] - selectOptionByLabel(findTestObject("Page_Amazon.com. Spend less. Smile more/Page_Amazon.com. Spend less. Smile more/select_All Departments"), Electronics, false): All options with label 'Electronics' are selected in object 'Object Repository/Page_Amazon.com. Spend less. Smile more/Page_Amazon.com. Spend less. Smile more/select_All Departments' 

2024-02-07 23:36:23 - [MESSAGE][PASSED] - All options with label 'Electronics' are selected in object 'Object Repository/Page_Amazon.com. Spend less. Smile more/Page_Amazon.com. Spend less. Smile more/select_All Departments' 

2024-02-07 23:36:23 - [TEST_STEP][PASSED] - click(findTestObject("Page_Amazon.com. Spend less. Smile more/input_Search Amazon_field-keywords"), STOP_ON_FAILURE): Object: 'Object Repository/Page_Amazon.com. Spend less. Smile more/input_Search Amazon_field-keywords' is clicked on

2024-02-07 23:36:24 - [MESSAGE][PASSED] - Object: 'Object Repository/Page_Amazon.com. Spend less. Smile more/input_Search Amazon_field-keywords' is clicked on

2024-02-07 23:36:24 - [TEST_STEP][PASSED] - setText(findTestObject("Page_Amazon.com. Spend less. Smile more/input_Search Amazon_field-keywords"), "Mobile Phones"): Text 'Mobile Phones' is set on object 'Object Repository/Page_Amazon.com. Spend less. Smile more/input_Search Amazon_field-keywords'

2024-02-07 23:36:26 - [MESSAGE][PASSED] - Text 'Mobile Phones' is set on object 'Object Repository/Page_Amazon.com. Spend less. Smile more/input_Search Amazon_field-keywords'

2024-02-07 23:36:26 - [TEST_STEP][PASSED] - click(findTestObject("Page_Amazon.com. Spend less. Smile more/input_Search Amazon_nav-search-submit-button")): Object: 'Object Repository/Page_Amazon.com. Spend less. Smile more/input_Search Amazon_nav-search-submit-button' is clicked on

2024-02-07 23:36:34 - [MESSAGE][PASSED] - Object: 'Object Repository/Page_Amazon.com. Spend less. Smile more/input_Search Amazon_nav-search-submit-button' is clicked on

2024-02-07 23:36:34 - [TEST_STEP][PASSED] - selectOptionByLabel(findTestObject("Page_Amazon.com. Spend less. Smile more/Page_Amazon.com. Spend less. Smile more/select_All Departments"), All_departments, false): All options with label 'All Departments' are selected in object 'Object Repository/Page_Amazon.com. Spend less. Smile more/Page_Amazon.com. Spend less. Smile more/select_All Departments' 

2024-02-07 23:36:59 - [MESSAGE][PASSED] - All options with label 'All Departments' are selected in object 'Object Repository/Page_Amazon.com. Spend less. Smile more/Page_Amazon.com. Spend less. Smile more/select_All Departments' 

2024-02-07 23:36:59 - [TEST_STEP][PASSED] - click(findTestObject("Page_Amazon.com. Spend less. Smile more/input_Search Amazon_field-keywords"), STOP_ON_FAILURE): Object: 'Object Repository/Page_Amazon.com. Spend less. Smile more/input_Search Amazon_field-keywords' is clicked on

2024-02-07 23:37:00 - [MESSAGE][PASSED] - Object: 'Object Repository/Page_Amazon.com. Spend less. Smile more/input_Search Amazon_field-keywords' is clicked on

2024-02-07 23:37:00 - [TEST_STEP][PASSED] - setText(findTestObject("Page_Amazon.com. Spend less. Smile more/input_Search Amazon_field-keywords"), "Washing Machines"): Text 'Washing Machines' is set on object 'Object Repository/Page_Amazon.com. Spend less. Smile more/input_Search Amazon_field-keywords'

2024-02-07 23:37:01 - [MESSAGE][PASSED] - Text 'Washing Machines' is set on object 'Object Repository/Page_Amazon.com. Spend less. Smile more/input_Search Amazon_field-keywords'

2024-02-07 23:37:01 - [TEST_STEP][PASSED] - click(findTestObject("Page_Amazon.com. Spend less. Smile more/input_Search Amazon_nav-search-submit-button")): Object: 'Object Repository/Page_Amazon.com. Spend less. Smile more/input_Search Amazon_nav-search-submit-button' is clicked on

2024-02-07 23:37:07 - [MESSAGE][PASSED] - Object: 'Object Repository/Page_Amazon.com. Spend less. Smile more/input_Search Amazon_nav-search-submit-button' is clicked on

2024-02-07 23:37:07 - [TEST_STEP][PASSED] - selectOptionByLabel(findTestObject("Page_Amazon.com. Spend less. Smile more/Page_Amazon.com. Spend less. Smile more/select_All Departments"), Furniture, false): All options with label 'Home & Kitchen' are selected in object 'Object Repository/Page_Amazon.com. Spend less. Smile more/Page_Amazon.com. Spend less. Smile more/select_All Departments' 

2024-02-07 23:37:09 - [MESSAGE][PASSED] - All options with label 'Home & Kitchen' are selected in object 'Object Repository/Page_Amazon.com. Spend less. Smile more/Page_Amazon.com. Spend less. Smile more/select_All Departments' 

2024-02-07 23:37:09 - [TEST_STEP][PASSED] - click(findTestObject("Page_Amazon.com. Spend less. Smile more/input_Search Amazon_field-keywords"), STOP_ON_FAILURE): Object: 'Object Repository/Page_Amazon.com. Spend less. Smile more/input_Search Amazon_field-keywords' is clicked on

2024-02-07 23:37:10 - [MESSAGE][PASSED] - Object: 'Object Repository/Page_Amazon.com. Spend less. Smile more/input_Search Amazon_field-keywords' is clicked on

2024-02-07 23:37:10 - [TEST_STEP][PASSED] - setText(findTestObject("Page_Amazon.com. Spend less. Smile more/input_Search Amazon_field-keywords"), "Wooden Tables"): Text 'Wooden Tables' is set on object 'Object Repository/Page_Amazon.com. Spend less. Smile more/input_Search Amazon_field-keywords'

2024-02-07 23:37:11 - [MESSAGE][PASSED] - Text 'Wooden Tables' is set on object 'Object Repository/Page_Amazon.com. Spend less. Smile more/input_Search Amazon_field-keywords'

2024-02-07 23:37:11 - [TEST_STEP][PASSED] - click(findTestObject("Page_Amazon.com. Spend less. Smile more/input_Search Amazon_nav-search-submit-button")): Object: 'Object Repository/Page_Amazon.com. Spend less. Smile more/input_Search Amazon_nav-search-submit-button' is clicked on

2024-02-07 23:37:19 - [MESSAGE][PASSED] - Object: 'Object Repository/Page_Amazon.com. Spend less. Smile more/input_Search Amazon_nav-search-submit-button' is clicked on

2024-02-07 23:37:19 - [TEST_STEP][PASSED] - closeBrowser(): Browser is closed

2024-02-07 23:37:20 - [MESSAGE][PASSED] - Browser is closed]]></system-out>
         <system-err><![CDATA[]]></system-err>
      </testcase>
      <system-out><![CDATA[2024-02-07 23:35:26 - [TEST_SUITE][FAILED] - New Test Suite: Test Cases/login FAILED.
Reason:
com.kms.katalon.core.exception.StepFailedException: Unable to click on object 'Object Repository/Page_Amazon.com. Spend less. Smile more/span_Sign in'
	at com.kms.katalon.core.webui.keyword.internal.WebUIKeywordMain.stepFailed(WebUIKeywordMain.groovy:64)
	at com.kms.katalon.core.webui.keyword.internal.WebUIKeywordMain.runKeyword(WebUIKeywordMain.groovy:26)
	at com.kms.katalon.core.webui.keyword.builtin.ClickKeyword.click(ClickKeyword.groovy:74)
	at com.kms.katalon.core.webui.keyword.builtin.ClickKeyword.execute(ClickKeyword.groovy:40)
	at com.kms.katalon.core.keyword.internal.KeywordExecutor.executeKeywordForPlatform(KeywordExecutor.groovy:74)
	at com.kms.katalon.core.webui.keyword.WebUiBuiltInKeywords.click(WebUiBuiltInKeywords.groovy:620)
	at com.kms.katalon.core.webui.keyword.WebUiBuiltInKeywords$click$1.call(Unknown Source)
	at login.run(login:24)
	at com.kms.katalon.core.main.ScriptEngine.run(ScriptEngine.java:194)
	at com.kms.katalon.core.main.ScriptEngine.runScriptAsRawText(ScriptEngine.java:119)
	at com.kms.katalon.core.main.TestCaseExecutor.runScript(TestCaseExecutor.java:448)
	at com.kms.katalon.core.main.TestCaseExecutor.doExecute(TestCaseExecutor.java:439)
	at com.kms.katalon.core.main.TestCaseExecutor.processExecutionPhase(TestCaseExecutor.java:418)
	at com.kms.katalon.core.main.TestCaseExecutor.accessMainPhase(TestCaseExecutor.java:410)
	at com.kms.katalon.core.main.TestCaseExecutor.execute(TestCaseExecutor.java:285)
	at com.kms.katalon.core.common.CommonExecutor.accessTestCaseMainPhase(CommonExecutor.java:65)
	at com.kms.katalon.core.main.TestSuiteExecutor.accessTestSuiteMainPhase(TestSuiteExecutor.java:148)
	at com.kms.katalon.core.main.TestSuiteExecutor.execute(TestSuiteExecutor.java:106)
	at com.kms.katalon.core.main.TestCaseMain.startTestSuite(TestCaseMain.java:187)
	at com.kms.katalon.core.main.TestCaseMain$startTestSuite$0.call(Unknown Source)
	at TempTestSuite1707329118184.run(TempTestSuite1707329118184.groovy:36)
Caused by: org.openqa.selenium.ElementNotInteractableException: element not interactable
  (Session info: chrome=121.0.6167.141)
Build info: version: '3.141.59', revision: 'e82be7d358', time: '2018-11-14T08:25:53'
System info: host: 'DESKTOP-QJ4UHOV', ip: '192.168.43.94', os.name: 'Windows 10', os.arch: 'amd64', os.version: '10.0', java.version: '1.8.0_362'
Driver info: com.kms.katalon.selenium.driver.CChromeDriver
Capabilities {acceptInsecureCerts: false, browserName: chrome, browserVersion: 121.0.6167.141, chrome: {chromedriverVersion: 121.0.6167.85 (3f98d690ad7e..., userDataDir: C:\Users\Admin\AppData\Loca...}, fedcm:accounts: true, goog:chromeOptions: {debuggerAddress: localhost:59877}, javascriptEnabled: true, networkConnectionEnabled: false, pageLoadStrategy: normal, platform: WINDOWS, platformName: WINDOWS, proxy: Proxy(), setWindowRect: true, strictFileInteractability: false, timeouts: {implicit: 0, pageLoad: 300000, script: 30000}, unhandledPromptBehavior: dismiss and notify, webauthn:extension:credBlob: true, webauthn:extension:largeBlob: true, webauthn:extension:minPinLength: true, webauthn:extension:prf: true, webauthn:virtualAuthenticators: true}
Session ID: caa4601044a3f8aff8202c4c21fe3e87
	at org.openqa.selenium.remote.http.W3CHttpResponseCodec.createException(W3CHttpResponseCodec.java:187)
	at org.openqa.selenium.remote.http.W3CHttpResponseCodec.decode(W3CHttpResponseCodec.java:122)
	at org.openqa.selenium.remote.http.W3CHttpResponseCodec.decode(W3CHttpResponseCodec.java:49)
	at org.openqa.selenium.remote.HttpCommandExecutor.execute(HttpCommandExecutor.java:158)
	at org.openqa.selenium.remote.service.DriverCommandExecutor.execute(DriverCommandExecutor.java:83)
	at org.openqa.selenium.remote.RemoteWebDriver.execute(RemoteWebDriver.java:552)
	at com.kms.katalon.selenium.driver.CChromeDriver.execute(CChromeDriver.java:19)
	at org.openqa.selenium.remote.RemoteWebElement.execute(RemoteWebElement.java:285)
	at org.openqa.selenium.remote.RemoteWebElement.click(RemoteWebElement.java:84)
	at org.openqa.selenium.support.events.EventFiringWebDriver$EventFiringWebElement.lambda$new$0(EventFiringWebDriver.java:404)
	at com.sun.proxy.$Proxy11.click(Unknown Source)
	at org.openqa.selenium.support.events.EventFiringWebDriver$EventFiringWebElement.click(EventFiringWebDriver.java:417)
	at org.openqa.selenium.WebElement$click.call(Unknown Source)
	at com.kms.katalon.core.webui.keyword.builtin.ClickKeyword.clickUntilSuccessWithTimeout(ClickKeyword.groovy:81)
	at com.kms.katalon.core.webui.keyword.builtin.ClickKeyword.clickUntilSuccessWithTimeout(ClickKeyword.groovy)
	at com.kms.katalon.core.webui.keyword.builtin.ClickKeyword$_click_closure1.doCall(ClickKeyword.groovy:67)
	at com.kms.katalon.core.webui.keyword.builtin.ClickKeyword$_click_closure1.call(ClickKeyword.groovy)
	at com.kms.katalon.core.webui.keyword.internal.WebUIKeywordMain.runKeyword(WebUIKeywordMain.groovy:20)
	... 19 more]]></system-out>
      <system-err><![CDATA[2024-02-07 23:35:26 - [TEST_SUITE][FAILED] - New Test Suite: Test Cases/login FAILED.
Reason:
com.kms.katalon.core.exception.StepFailedException: Unable to click on object 'Object Repository/Page_Amazon.com. Spend less. Smile more/span_Sign in'
	at com.kms.katalon.core.webui.keyword.internal.WebUIKeywordMain.stepFailed(WebUIKeywordMain.groovy:64)
	at com.kms.katalon.core.webui.keyword.internal.WebUIKeywordMain.runKeyword(WebUIKeywordMain.groovy:26)
	at com.kms.katalon.core.webui.keyword.builtin.ClickKeyword.click(ClickKeyword.groovy:74)
	at com.kms.katalon.core.webui.keyword.builtin.ClickKeyword.execute(ClickKeyword.groovy:40)
	at com.kms.katalon.core.keyword.internal.KeywordExecutor.executeKeywordForPlatform(KeywordExecutor.groovy:74)
	at com.kms.katalon.core.webui.keyword.WebUiBuiltInKeywords.click(WebUiBuiltInKeywords.groovy:620)
	at com.kms.katalon.core.webui.keyword.WebUiBuiltInKeywords$click$1.call(Unknown Source)
	at login.run(login:24)
	at com.kms.katalon.core.main.ScriptEngine.run(ScriptEngine.java:194)
	at com.kms.katalon.core.main.ScriptEngine.runScriptAsRawText(ScriptEngine.java:119)
	at com.kms.katalon.core.main.TestCaseExecutor.runScript(TestCaseExecutor.java:448)
	at com.kms.katalon.core.main.TestCaseExecutor.doExecute(TestCaseExecutor.java:439)
	at com.kms.katalon.core.main.TestCaseExecutor.processExecutionPhase(TestCaseExecutor.java:418)
	at com.kms.katalon.core.main.TestCaseExecutor.accessMainPhase(TestCaseExecutor.java:410)
	at com.kms.katalon.core.main.TestCaseExecutor.execute(TestCaseExecutor.java:285)
	at com.kms.katalon.core.common.CommonExecutor.accessTestCaseMainPhase(CommonExecutor.java:65)
	at com.kms.katalon.core.main.TestSuiteExecutor.accessTestSuiteMainPhase(TestSuiteExecutor.java:148)
	at com.kms.katalon.core.main.TestSuiteExecutor.execute(TestSuiteExecutor.java:106)
	at com.kms.katalon.core.main.TestCaseMain.startTestSuite(TestCaseMain.java:187)
	at com.kms.katalon.core.main.TestCaseMain$startTestSuite$0.call(Unknown Source)
	at TempTestSuite1707329118184.run(TempTestSuite1707329118184.groovy:36)
Caused by: org.openqa.selenium.ElementNotInteractableException: element not interactable
  (Session info: chrome=121.0.6167.141)
Build info: version: '3.141.59', revision: 'e82be7d358', time: '2018-11-14T08:25:53'
System info: host: 'DESKTOP-QJ4UHOV', ip: '192.168.43.94', os.name: 'Windows 10', os.arch: 'amd64', os.version: '10.0', java.version: '1.8.0_362'
Driver info: com.kms.katalon.selenium.driver.CChromeDriver
Capabilities {acceptInsecureCerts: false, browserName: chrome, browserVersion: 121.0.6167.141, chrome: {chromedriverVersion: 121.0.6167.85 (3f98d690ad7e..., userDataDir: C:\Users\Admin\AppData\Loca...}, fedcm:accounts: true, goog:chromeOptions: {debuggerAddress: localhost:59877}, javascriptEnabled: true, networkConnectionEnabled: false, pageLoadStrategy: normal, platform: WINDOWS, platformName: WINDOWS, proxy: Proxy(), setWindowRect: true, strictFileInteractability: false, timeouts: {implicit: 0, pageLoad: 300000, script: 30000}, unhandledPromptBehavior: dismiss and notify, webauthn:extension:credBlob: true, webauthn:extension:largeBlob: true, webauthn:extension:minPinLength: true, webauthn:extension:prf: true, webauthn:virtualAuthenticators: true}
Session ID: caa4601044a3f8aff8202c4c21fe3e87
	at org.openqa.selenium.remote.http.W3CHttpResponseCodec.createException(W3CHttpResponseCodec.java:187)
	at org.openqa.selenium.remote.http.W3CHttpResponseCodec.decode(W3CHttpResponseCodec.java:122)
	at org.openqa.selenium.remote.http.W3CHttpResponseCodec.decode(W3CHttpResponseCodec.java:49)
	at org.openqa.selenium.remote.HttpCommandExecutor.execute(HttpCommandExecutor.java:158)
	at org.openqa.selenium.remote.service.DriverCommandExecutor.execute(DriverCommandExecutor.java:83)
	at org.openqa.selenium.remote.RemoteWebDriver.execute(RemoteWebDriver.java:552)
	at com.kms.katalon.selenium.driver.CChromeDriver.execute(CChromeDriver.java:19)
	at org.openqa.selenium.remote.RemoteWebElement.execute(RemoteWebElement.java:285)
	at org.openqa.selenium.remote.RemoteWebElement.click(RemoteWebElement.java:84)
	at org.openqa.selenium.support.events.EventFiringWebDriver$EventFiringWebElement.lambda$new$0(EventFiringWebDriver.java:404)
	at com.sun.proxy.$Proxy11.click(Unknown Source)
	at org.openqa.selenium.support.events.EventFiringWebDriver$EventFiringWebElement.click(EventFiringWebDriver.java:417)
	at org.openqa.selenium.WebElement$click.call(Unknown Source)
	at com.kms.katalon.core.webui.keyword.builtin.ClickKeyword.clickUntilSuccessWithTimeout(ClickKeyword.groovy:81)
	at com.kms.katalon.core.webui.keyword.builtin.ClickKeyword.clickUntilSuccessWithTimeout(ClickKeyword.groovy)
	at com.kms.katalon.core.webui.keyword.builtin.ClickKeyword$_click_closure1.doCall(ClickKeyword.groovy:67)
	at com.kms.katalon.core.webui.keyword.builtin.ClickKeyword$_click_closure1.call(ClickKeyword.groovy)
	at com.kms.katalon.core.webui.keyword.internal.WebUIKeywordMain.runKeyword(WebUIKeywordMain.groovy:20)
	... 19 more]]></system-err>
   </testsuite>
</testsuites>
